Started POST "/login" for ::1 at 2025-08-11 13:32:14 +0545
  [1m[36mActiveRecord::SchemaMigration Load (0.3ms)[0m  [1m[34mSELECT "schema_migrations"."version" FROM "schema_migrations" ORDER BY "schema_migrations"."version" ASC /*application='NepalTruf'*/[0m
Processing by AuthenticateController#login as */*
  Parameters: {"users"=>{"user_name"=>"admin@gmail.com", "password"=>"[FILTERED]"}, "authenticate"=>{"users"=>{"user_name"=>"admin@gmail.com", "password"=>"[FILTERED]"}}}
Completed 400 Bad Request in 2ms (ActiveRecord: 0.0ms (0 queries, 0 cached) | GC: 0.2ms)


  
ActionController::ParameterMissing (param is missing or the value is empty or invalid: user):
  
app/controllers/authenticate_controller.rb:19:in `auth_params'
app/controllers/authenticate_controller.rb:5:in `login'
Started GET "/login" for ::1 at 2025-08-11 13:32:28 +0545
  
ActionController::RoutingError (No route matches [GET] "/login"):
  
Started POST "/login" for ::1 at 2025-08-11 13:32:32 +0545
Processing by AuthenticateController#login as */*
  Parameters: {"users"=>{"user_name"=>"admin@gmail.com", "password"=>"[FILTERED]"}, "authenticate"=>{"users"=>{"user_name"=>"admin@gmail.com", "password"=>"[FILTERED]"}}}
Completed 400 Bad Request in 0ms (ActiveRecord: 0.0ms (0 queries, 0 cached) | GC: 0.0ms)


  
ActionController::ParameterMissing (param is missing or the value is empty or invalid: user):
  
app/controllers/authenticate_controller.rb:19:in `auth_params'
app/controllers/authenticate_controller.rb:5:in `login'
Started POST "/login" for ::1 at 2025-08-11 13:33:16 +0545
  
ActionController::RoutingError (No route matches [POST] "/login"):
  
Started GET "/login" for ::1 at 2025-08-11 13:33:21 +0545
Processing by AuthenticateController#login as */*
  Parameters: {"users"=>{"user_name"=>"admin@gmail.com", "password"=>"[FILTERED]"}, "authenticate"=>{"users"=>{"user_name"=>"admin@gmail.com", "password"=>"[FILTERED]"}}}
Completed 400 Bad Request in 0ms (ActiveRecord: 0.0ms (0 queries, 0 cached) | GC: 0.0ms)


  
ActionController::ParameterMissing (param is missing or the value is empty or invalid: user):
  
app/controllers/authenticate_controller.rb:19:in `auth_params'
app/controllers/authenticate_controller.rb:5:in `login'
Started GET "/login" for ::1 at 2025-08-11 13:33:42 +0545
Processing by AuthenticateController#login as */*
  Parameters: {"user"=>{"user_name"=>"admin@gmail.com", "password"=>"[FILTERED]"}, "authenticate"=>{"user"=>{"user_name"=>"admin@gmail.com", "password"=>"[FILTERED]"}}}
  [1m[36mUser Load (0.3ms)[0m  [1m[34mSELECT "users".* FROM "users" WHERE "users"."email" IS NULL LIMIT 1 /*action='login',application='NepalTruf',controller='authenticate'*/[0m
  ↳ app/controllers/authenticate_controller.rb:5:in `login'
Completed 401 Unauthorized in 13ms (Views: 0.2ms | ActiveRecord: 3.7ms (1 query, 0 cached) | GC: 0.9ms)


Started GET "/sports_fields" for ::1 at 2025-08-11 13:34:03 +0545
Processing by SportsFieldsController#index as HTML
  [1m[36mSportsField Load (0.1ms)[0m  [1m[34mSELECT "sports_fields".* FROM "sports_fields" /*action='index',application='NepalTruf',controller='sports_fields'*/[0m
  ↳ app/controllers/sports_fields_controller.rb:8:in `index'
Completed 200 OK in 18ms (Views: 11.8ms | ActiveRecord: 0.3ms (1 query, 0 cached) | GC: 3.9ms)


Started GET "/sports_fields" for ::1 at 2025-08-11 13:34:03 +0545
Processing by SportsFieldsController#index as HTML
  [1m[36mSportsField Load (0.1ms)[0m  [1m[34mSELECT "sports_fields".* FROM "sports_fields" /*action='index',application='NepalTruf',controller='sports_fields'*/[0m
  ↳ app/controllers/sports_fields_controller.rb:8:in `index'
Completed 200 OK in 1ms (Views: 0.7ms | ActiveRecord: 0.1ms (1 query, 0 cached) | GC: 0.0ms)


Started GET "/login" for ::1 at 2025-08-11 13:34:16 +0545
Processing by AuthenticateController#login as */*
  Parameters: {"user"=>{"user_name"=>"admin@gmail.com", "password"=>"[FILTERED]"}, "authenticate"=>{"user"=>{"user_name"=>"admin@gmail.com", "password"=>"[FILTERED]"}}}
  [1m[36mUser Load (0.2ms)[0m  [1m[34mSELECT "users".* FROM "users" WHERE "users"."email" IS NULL LIMIT 1 /*action='login',application='NepalTruf',controller='authenticate'*/[0m
  ↳ app/controllers/authenticate_controller.rb:5:in `login'
Completed 401 Unauthorized in 2ms (Views: 0.1ms | ActiveRecord: 0.2ms (1 query, 0 cached) | GC: 0.0ms)


Started GET "/login" for ::1 at 2025-08-11 13:34:18 +0545
Processing by AuthenticateController#login as */*
  Parameters: {"user"=>{"user_name"=>"admin@gmail.com", "password"=>"[FILTERED]"}, "authenticate"=>{"user"=>{"user_name"=>"admin@gmail.com", "password"=>"[FILTERED]"}}}
  [1m[36mUser Load (0.2ms)[0m  [1m[34mSELECT "users".* FROM "users" WHERE "users"."email" IS NULL LIMIT 1 /*action='login',application='NepalTruf',controller='authenticate'*/[0m
  ↳ app/controllers/authenticate_controller.rb:5:in `login'
Completed 401 Unauthorized in 2ms (Views: 0.1ms | ActiveRecord: 0.1ms (1 query, 0 cached) | GC: 0.0ms)


Started GET "/login" for ::1 at 2025-08-11 13:34:27 +0545
Processing by AuthenticateController#login as */*
  Parameters: {"user"=>{"user_name"=>"admin@gmail.com", "password"=>"[FILTERED]"}, "authenticate"=>{"user"=>{"user_name"=>"admin@gmail.com", "password"=>"[FILTERED]"}}}
  [1m[36mUser Load (0.1ms)[0m  [1m[34mSELECT "users".* FROM "users" WHERE "users"."email" IS NULL LIMIT 1 /*action='login',application='NepalTruf',controller='authenticate'*/[0m
  ↳ app/controllers/authenticate_controller.rb:5:in `login'
Completed 401 Unauthorized in 3ms (Views: 0.1ms | ActiveRecord: 0.1ms (1 query, 0 cached) | GC: 2.3ms)


Started GET "/login" for ::1 at 2025-08-11 13:34:43 +0545
Processing by AuthenticateController#login as */*
  Parameters: {"user"=>{"email"=>"[FILTERED]", "password"=>"[FILTERED]"}, "authenticate"=>{"user"=>{"email"=>"[FILTERED]", "password"=>"[FILTERED]"}}}
  [1m[36mUser Load (0.2ms)[0m  [1m[34mSELECT "users".* FROM "users" WHERE "users"."email" = 'admin@gmail.com' LIMIT 1 /*action='login',application='NepalTruf',controller='authenticate'*/[0m
  ↳ app/controllers/authenticate_controller.rb:5:in `login'
Completed 500 Internal Server Error in 19ms (ActiveRecord: 0.3ms (1 query, 0 cached) | GC: 14.3ms)


  
NoMethodError (protected method `password_digest' called for an instance of User):
  
app/controllers/authenticate_controller.rb:7:in `login'
Started POST "/login" for ::1 at 2025-08-11 13:35:05 +0545
  [1m[36mActiveRecord::SchemaMigration Load (0.1ms)[0m  [1m[34mSELECT "schema_migrations"."version" FROM "schema_migrations" ORDER BY "schema_migrations"."version" ASC /*application='NepalTruf'*/[0m
Processing by AuthenticateController#login as */*
  Parameters: {"user"=>{"email"=>"[FILTERED]", "password"=>"[FILTERED]"}, "authenticate"=>{"user"=>{"email"=>"[FILTERED]", "password"=>"[FILTERED]"}}}
  [1m[36mUser Load (0.0ms)[0m  [1m[34mSELECT "users".* FROM "users" WHERE "users"."email" = 'admin@gmail.com' LIMIT 1 /*action='login',application='NepalTruf',controller='authenticate'*/[0m
  ↳ app/controllers/authenticate_controller.rb:5:in `login'
Completed 500 Internal Server Error in 8ms (ActiveRecord: 1.2ms (1 query, 0 cached) | GC: 0.8ms)


  
NoMethodError (protected method `password_digest' called for an instance of User):
  
app/controllers/authenticate_controller.rb:7:in `login'
Started POST "/login" for ::1 at 2025-08-11 13:36:53 +0545
  
SyntaxError (/Users/macbook/Developer/Playground/NepalTruf/app/controllers/authenticate_controller.rb:19: syntax error, unexpected ',', expecting =>
    params.expect({ :email, :password })
                          ^
):
  
app/controllers/authenticate_controller.rb:19: syntax error, unexpected ',', expecting =>
Started POST "/login" for ::1 at 2025-08-11 13:37:10 +0545
Processing by AuthenticateController#login as */*
  Parameters: {"email"=>"[FILTERED]", "password"=>"[FILTERED]", "authenticate"=>{"email"=>"[FILTERED]", "password"=>"[FILTERED]"}}
Completed 500 Internal Server Error in 0ms (ActiveRecord: 0.0ms (0 queries, 0 cached) | GC: 0.0ms)


  
TypeError (no implicit conversion of Symbol into Integer):
  
app/controllers/authenticate_controller.rb:5:in `login'
Started POST "/login" for ::1 at 2025-08-11 13:38:32 +0545
Processing by AuthenticateController#login as */*
  Parameters: {"email"=>"[FILTERED]", "password"=>"[FILTERED]", "authenticate"=>{"email"=>"[FILTERED]", "password"=>"[FILTERED]"}}
Completed 500 Internal Server Error in 0ms (ActiveRecord: 0.0ms (0 queries, 0 cached) | GC: 0.0ms)


  
TypeError (no implicit conversion of Symbol into Integer):
  
app/controllers/authenticate_controller.rb:6:in `login'
Started GET "/login" for ::1 at 2025-08-11 13:38:49 +0545
  
ActionController::RoutingError (No route matches [GET] "/login"):
  
Started GET "/login" for ::1 at 2025-08-11 13:39:02 +0545
Processing by AuthenticateController#login as */*
  Parameters: {"email"=>"[FILTERED]", "password"=>"[FILTERED]", "authenticate"=>{"email"=>"[FILTERED]", "password"=>"[FILTERED]"}}
Completed 500 Internal Server Error in 0ms (ActiveRecord: 0.0ms (0 queries, 0 cached) | GC: 0.0ms)


  
TypeError (no implicit conversion of Symbol into Integer):
  
app/controllers/authenticate_controller.rb:6:in `login'
Started POST "/login" for ::1 at 2025-08-11 13:39:55 +0545
Processing by AuthenticateController#login as */*
  Parameters: {"user"=>{"email"=>"[FILTERED]", "password"=>"[FILTERED]"}, "authenticate"=>{"user"=>{"email"=>"[FILTERED]", "password"=>"[FILTERED]"}}}
Completed 400 Bad Request in 0ms (ActiveRecord: 0.0ms (0 queries, 0 cached) | GC: 0.0ms)


  
ActionController::ParameterMissing (param is missing or the value is empty or invalid: email):
  
app/controllers/authenticate_controller.rb:20:in `auth_params'
app/controllers/authenticate_controller.rb:6:in `login'
Started POST "/login" for ::1 at 2025-08-11 13:40:17 +0545
  
SyntaxError (/Users/macbook/Developer/Playground/NepalTruf/app/controllers/authenticate_controller.rb:20: syntax error, unexpected ',', expecting =>
...  params.expect( user: {:email, :password })
...                              ^
):
  
app/controllers/authenticate_controller.rb:20: syntax error, unexpected ',', expecting =>
Started POST "/login" for ::1 at 2025-08-11 13:41:45 +0545
Processing by AuthenticateController#login as */*
  Parameters: {"user"=>{"email"=>"[FILTERED]", "password"=>"[FILTERED]"}, "authenticate"=>{"user"=>{"email"=>"[FILTERED]", "password"=>"[FILTERED]"}}}
  [1m[36mUser Load (0.1ms)[0m  [1m[34mSELECT "users".* FROM "users" WHERE "users"."email" = 'admin@gmail.com' ORDER BY "users"."id" ASC LIMIT 1 /*action='login',application='NepalTruf',controller='authenticate'*/[0m
  ↳ app/controllers/authenticate_controller.rb:5:in `login'
Completed 401 Unauthorized in 6ms (Views: 0.2ms | ActiveRecord: 0.7ms (1 query, 0 cached) | GC: 0.2ms)


  [1m[36mUser Load (0.2ms)[0m  [1m[34mSELECT "users".* FROM "users" WHERE "users"."id" = 1 LIMIT 1 /*application='NepalTruf'*/[0m
  [1m[36mUser Load (0.4ms)[0m  [1m[34mSELECT "users".* FROM "users" WHERE "users"."id" = 1 LIMIT 1 /*application='NepalTruf'*/[0m
  [1m[36mUser Load (0.3ms)[0m  [1m[34mSELECT "users".* FROM "users" WHERE "users"."id" = 1 LIMIT 1 /*application='NepalTruf'*/[0m
Started POST "/login" for ::1 at 2025-08-11 13:43:56 +0545
Processing by AuthenticateController#login as */*
  Parameters: {"user"=>{"email"=>"[FILTERED]", "password"=>"[FILTERED]"}, "authenticate"=>{"user"=>{"email"=>"[FILTERED]", "password"=>"[FILTERED]"}}}
  [1m[36mUser Load (0.5ms)[0m  [1m[34mSELECT "users".* FROM "users" WHERE "users"."email" = 'admin@gmail.com' ORDER BY "users"."id" ASC LIMIT 1 /*action='login',application='NepalTruf',controller='authenticate'*/[0m
  ↳ (rdbg)//Users/macbook/Developer/Playground/NepalTruf/app/controllers/authenticate_controller.rb:1:in `login'
  [1m[36mUser Load (0.3ms)[0m  [1m[34mSELECT "users".* FROM "users" WHERE "users"."email" = 'admin@gmail.com' ORDER BY "users"."id" ASC LIMIT 1 /*application='NepalTruf'*/[0m
Completed 500 Internal Server Error in 338651ms (ActiveRecord: 6.0ms (1 query, 0 cached) | GC: 116.6ms)


  
SystemExit (exit):
  
(rdbg)//Users/macbook/Developer/Playground/NepalTruf/app/controllers/authenticate_controller.rb:1:in `exit'
(rdbg)//Users/macbook/Developer/Playground/NepalTruf/app/controllers/authenticate_controller.rb:1:in `login'
app/controllers/authenticate_controller.rb:5:in `login'
Started POST "/login" for ::1 at 2025-08-11 13:49:37 +0545
Processing by AuthenticateController#login as */*
  Parameters: {"user"=>{"email"=>"[FILTERED]", "password"=>"[FILTERED]"}, "authenticate"=>{"user"=>{"email"=>"[FILTERED]", "password"=>"[FILTERED]"}}}
  [1m[36mUser Load (0.2ms)[0m  [1m[34mSELECT "users".* FROM "users" WHERE "users"."email" = 'admin@gmail.com' LIMIT 1 /*action='login',application='NepalTruf',controller='authenticate'*/[0m
  ↳ app/controllers/authenticate_controller.rb:6:in `login'
Completed 401 Unauthorized in 4ms (Views: 0.1ms | ActiveRecord: 0.9ms (1 query, 0 cached) | GC: 0.1ms)


  [1m[36mUser Load (2.1ms)[0m  [1m[34mSELECT "users".* FROM "users" WHERE "users"."email" = 'admin@gmail.com' LIMIT 1 /*application='NepalTruf'*/[0m
Started POST "/login" for ::1 at 2025-08-11 13:59:00 +0545
  [1m[36mActiveRecord::SchemaMigration Load (0.1ms)[0m  [1m[34mSELECT "schema_migrations"."version" FROM "schema_migrations" ORDER BY "schema_migrations"."version" ASC /*application='NepalTruf'*/[0m
Processing by AuthenticateController#login as */*
  Parameters: {"user"=>{"email"=>"[FILTERED]", "password"=>"[FILTERED]"}, "authenticate"=>{"user"=>{"email"=>"[FILTERED]", "password"=>"[FILTERED]"}}}
  [1m[36mUser Load (0.0ms)[0m  [1m[34mSELECT "users".* FROM "users" WHERE "users"."email" = '' ORDER BY "users"."id" ASC LIMIT 1 /*action='login',application='NepalTruf',controller='authenticate'*/[0m
  ↳ app/controllers/authenticate_controller.rb:5:in `login'
Completed 500 Internal Server Error in 7ms (ActiveRecord: 1.0ms (1 query, 0 cached) | GC: 0.8ms)


  
NoMethodError (undefined method `valid_password?' for nil):
  
app/controllers/authenticate_controller.rb:6:in `login'
Started POST "/login" for ::1 at 2025-08-11 14:01:17 +0545
Processing by AuthenticateController#login as */*
  Parameters: {"user"=>{"email"=>"[FILTERED]", "password"=>"[FILTERED]"}, "authenticate"=>{"user"=>{"email"=>"[FILTERED]", "password"=>"[FILTERED]"}}}
  [1m[36mUser Load (0.1ms)[0m  [1m[34mSELECT "users".* FROM "users" WHERE "users"."email" = '' ORDER BY "users"."id" ASC LIMIT 1 /*action='login',application='NepalTruf',controller='authenticate'*/[0m
  ↳ app/controllers/authenticate_controller.rb:5:in `login'
Completed 500 Internal Server Error in 2ms (ActiveRecord: 0.7ms (1 query, 0 cached) | GC: 0.0ms)


  
NoMethodError (undefined method `valid_password?' for nil):
  
app/controllers/authenticate_controller.rb:6:in `login'
Started POST "/login" for ::1 at 2025-08-11 14:01:33 +0545
Processing by AuthenticateController#login as */*
  Parameters: {"user"=>{"email"=>"[FILTERED]", "password"=>"[FILTERED]"}, "authenticate"=>{"user"=>{"email"=>"[FILTERED]", "password"=>"[FILTERED]"}}}
  [1m[36mUser Load (0.1ms)[0m  [1m[34mSELECT "users".* FROM "users" WHERE "users"."email" = 'admin@gmail.com' ORDER BY "users"."id" ASC LIMIT 1 /*action='login',application='NepalTruf',controller='authenticate'*/[0m
  ↳ app/controllers/authenticate_controller.rb:5:in `login'
Completed 401 Unauthorized in 10ms (Views: 0.3ms | ActiveRecord: 0.8ms (1 query, 0 cached) | GC: 1.8ms)


Started POST "/login" for ::1 at 2025-08-11 14:01:53 +0545
Processing by AuthenticateController#login as */*
  Parameters: {"user"=>{"email"=>"[FILTERED]", "password"=>"[FILTERED]"}, "authenticate"=>{"user"=>{"email"=>"[FILTERED]", "password"=>"[FILTERED]"}}}
  [1m[36mUser Load (0.0ms)[0m  [1m[34mSELECT "users".* FROM "users" WHERE "users"."email" = 'admin@gmail.com' ORDER BY "users"."id" ASC LIMIT 1 /*action='login',application='NepalTruf',controller='authenticate'*/[0m
  ↳ app/controllers/authenticate_controller.rb:5:in `login'
  [1m[36mCACHE User Load (0.2ms)[0m  [1m[34mSELECT "users".* FROM "users" WHERE "users"."email" = 'admin@gmail.com' ORDER BY "users"."id" ASC LIMIT 1[0m
  ↳ (rdbg)//Users/macbook/Developer/Playground/NepalTruf/app/controllers/authenticate_controller.rb:1:in `login'
  [1m[36mCACHE User Load (0.1ms)[0m  [1m[34mSELECT "users".* FROM "users" WHERE "users"."email" = 'admin@gmail.com' ORDER BY "users"."id" ASC LIMIT 1[0m
  ↳ (rdbg)//Users/macbook/Developer/Playground/NepalTruf/app/controllers/authenticate_controller.rb:1:in `login'
  [1m[36mCACHE User Load (0.0ms)[0m  [1m[34mSELECT "users".* FROM "users" WHERE "users"."email" = 'admin@gmail.com' ORDER BY "users"."id" ASC LIMIT 1[0m
  ↳ (rdbg)//Users/macbook/Developer/Playground/NepalTruf/app/controllers/authenticate_controller.rb:1:in `login'
  [1m[36mUser Load (3.4ms)[0m  [1m[34mSELECT "users".* FROM "users" WHERE "users"."email" = 'admin@gmail.com' ORDER BY "users"."id" ASC LIMIT 1 /*application='NepalTruf'*/[0m
  [1m[36mUser Load (0.6ms)[0m  [1m[34mSELECT "users".* FROM "users" WHERE "users"."email" = 'admin@gmail.com' ORDER BY "users"."id" ASC LIMIT 1 /*application='NepalTruf'*/[0m
  [1m[36mUser Load (0.3ms)[0m  [1m[34mSELECT "users".* FROM "users" WHERE "users"."email" = 'admin@gmail.com' LIMIT 1 /*application='NepalTruf'*/[0m
  [1m[36mUser Load (0.3ms)[0m  [1m[34mSELECT "users".* FROM "users" WHERE "users"."email" = 'admin@gmail.com' LIMIT 1 /*application='NepalTruf'*/[0m
  [1m[36mUser Load (0.8ms)[0m  [1m[34mSELECT "users".* FROM "users" WHERE "users"."email" = 'admin@gmail.com' ORDER BY "users"."id" ASC LIMIT 1 /*application='NepalTruf'*/[0m
  [1m[36mActiveRecord::InternalMetadata Load (0.0ms)[0m  [1m[34mSELECT * FROM "ar_internal_metadata" WHERE "ar_internal_metadata"."key" = 'environment' ORDER BY "ar_internal_metadata"."key" ASC LIMIT 1 /*application='NepalTruf'*/[0m
  [1m[36mActiveRecord::SchemaMigration Load (0.0ms)[0m  [1m[34mSELECT "schema_migrations"."version" FROM "schema_migrations" ORDER BY "schema_migrations"."version" ASC /*application='NepalTruf'*/[0m
Migrating to RemovePasswordDigestFromUsers (20250811082137)
  [1m[36mTRANSACTION (0.0ms)[0m  [1m[35mBEGIN immediate TRANSACTION /*application='NepalTruf'*/[0m
  [1m[35mSQL (0.0ms)[0m  [1m[35mPRAGMA foreign_keys /*application='NepalTruf'*/[0m
  [1m[35mSQL (0.0ms)[0m  [1m[35mPRAGMA defer_foreign_keys /*application='NepalTruf'*/[0m
  [1m[35m (0.0ms)[0m  [1m[35mPRAGMA defer_foreign_keys = ON /*application='NepalTruf'*/[0m
  [1m[35m (0.0ms)[0m  [1m[35mPRAGMA foreign_keys = OFF /*application='NepalTruf'*/[0m
  [1m[35m (0.5ms)[0m  [1m[35mCREATE TEMPORARY TABLE "ausers" ("id" integer PRIMARY KEY AUTOINCREMENT NOT NULL, "name" varchar, "email" varchar, "phone_number" varchar, "password_digest" varchar, "role" varchar, "status" boolean, "created_at" datetime(6) NOT NULL, "updated_at" datetime(6) NOT NULL, "encrypted_password" varchar DEFAULT '' NOT NULL, "reset_password_token" varchar, "reset_password_sent_at" datetime(6), "remember_created_at" datetime(6)) /*application='NepalTruf'*/[0m
  [1m[35m (0.0ms)[0m  [1m[35mCREATE UNIQUE INDEX "tindex_ausers_on_reset_password_token" ON "ausers" ("reset_password_token") /*application='NepalTruf'*/[0m
  [1m[35mSQL (0.0ms)[0m  [1m[32mINSERT INTO "ausers" ("id","name","email","phone_number","password_digest","role","status","created_at","updated_at","encrypted_password","reset_password_token","reset_password_sent_at","remember_created_at")
                     SELECT "id","name","email","phone_number","password_digest","role","status","created_at","updated_at","encrypted_password","reset_password_token","reset_password_sent_at","remember_created_at" FROM "users" /*application='NepalTruf'*/[0m
  [1m[35m (0.1ms)[0m  [1m[35mDROP TABLE "users" /*application='NepalTruf'*/[0m
  [1m[35m (0.0ms)[0m  [1m[35mCREATE TABLE "users" ("id" integer PRIMARY KEY AUTOINCREMENT NOT NULL, "name" varchar, "email" varchar, "phone_number" varchar, "role" varchar, "status" boolean, "created_at" datetime(6) NOT NULL, "updated_at" datetime(6) NOT NULL, "encrypted_password" varchar DEFAULT '' NOT NULL, "reset_password_token" varchar, "reset_password_sent_at" datetime(6), "remember_created_at" datetime(6)) /*application='NepalTruf'*/[0m
  [1m[35m (0.0ms)[0m  [1m[35mCREATE UNIQUE INDEX "index_users_on_reset_password_token" ON "users" ("reset_password_token") /*application='NepalTruf'*/[0m
  [1m[35mSQL (0.0ms)[0m  [1m[32mINSERT INTO "users" ("id","name","email","phone_number","role","status","created_at","updated_at","encrypted_password","reset_password_token","reset_password_sent_at","remember_created_at")
                     SELECT "id","name","email","phone_number","role","status","created_at","updated_at","encrypted_password","reset_password_token","reset_password_sent_at","remember_created_at" FROM "ausers" /*application='NepalTruf'*/[0m
  [1m[35m (0.0ms)[0m  [1m[35mDROP TABLE "ausers" /*application='NepalTruf'*/[0m
  [1m[35m (0.0ms)[0m  [1m[35mPRAGMA defer_foreign_keys = 0 /*application='NepalTruf'*/[0m
  [1m[35m (0.0ms)[0m  [1m[35mPRAGMA foreign_keys = 1 /*application='NepalTruf'*/[0m
  [1m[36mActiveRecord::SchemaMigration Create (0.0ms)[0m  [1m[32mINSERT INTO "schema_migrations" ("version") VALUES ('20250811082137') RETURNING "version" /*application='NepalTruf'*/[0m
  [1m[36mTRANSACTION (0.2ms)[0m  [1m[35mCOMMIT TRANSACTION /*application='NepalTruf'*/[0m
  [1m[36mActiveRecord::SchemaMigration Load (0.0ms)[0m  [1m[34mSELECT "schema_migrations"."version" FROM "schema_migrations" ORDER BY "schema_migrations"."version" ASC /*application='NepalTruf'*/[0m
Completed 500 Internal Server Error in 346513ms (ActiveRecord: 0.9ms (4 queries, 3 cached) | GC: 107.7ms)


  
SystemExit (exit):
  
(rdbg)//Users/macbook/Developer/Playground/NepalTruf/app/controllers/authenticate_controller.rb:1:in `exit'
(rdbg)//Users/macbook/Developer/Playground/NepalTruf/app/controllers/authenticate_controller.rb:1:in `login'
app/controllers/authenticate_controller.rb:6:in `login'
Started POST "/login" for ::1 at 2025-08-11 14:07:44 +0545
  [1m[36mActiveRecord::SchemaMigration Load (0.0ms)[0m  [1m[34mSELECT "schema_migrations"."version" FROM "schema_migrations" ORDER BY "schema_migrations"."version" ASC /*application='NepalTruf'*/[0m
Processing by AuthenticateController#login as */*
  Parameters: {"user"=>{"email"=>"[FILTERED]", "password"=>"[FILTERED]"}, "authenticate"=>{"user"=>{"email"=>"[FILTERED]", "password"=>"[FILTERED]"}}}
  [1m[36mUser Load (0.2ms)[0m  [1m[34mSELECT "users".* FROM "users" WHERE "users"."email" = 'admin@gmail.com' ORDER BY "users"."id" ASC LIMIT 1 /*action='login',application='NepalTruf',controller='authenticate'*/[0m
  ↳ app/controllers/authenticate_controller.rb:5:in `login'
Completed 401 Unauthorized in 6ms (Views: 0.1ms | ActiveRecord: 0.6ms (1 query, 0 cached) | GC: 1.7ms)


Started POST "/login" for ::1 at 2025-08-11 14:08:18 +0545
  [1m[36mActiveRecord::SchemaMigration Load (0.1ms)[0m  [1m[34mSELECT "schema_migrations"."version" FROM "schema_migrations" ORDER BY "schema_migrations"."version" ASC /*application='NepalTruf'*/[0m
Processing by AuthenticateController#login as */*
  Parameters: {"user"=>{"email"=>"[FILTERED]", "password"=>"[FILTERED]"}, "authenticate"=>{"user"=>{"email"=>"[FILTERED]", "password"=>"[FILTERED]"}}}
  [1m[36mUser Load (0.2ms)[0m  [1m[34mSELECT "users".* FROM "users" WHERE "users"."email" = 'admin@gmail.com' ORDER BY "users"."id" ASC LIMIT 1 /*action='login',application='NepalTruf',controller='authenticate'*/[0m
  ↳ app/controllers/authenticate_controller.rb:5:in `login'
Completed 401 Unauthorized in 10445ms (Views: 0.5ms | ActiveRecord: 0.7ms (1 query, 0 cached) | GC: 51.7ms)


Started POST "/login" for ::1 at 2025-08-11 14:08:32 +0545
Processing by AuthenticateController#login as */*
  Parameters: {"user"=>{"email"=>"[FILTERED]", "password"=>"[FILTERED]"}, "authenticate"=>{"user"=>{"email"=>"[FILTERED]", "password"=>"[FILTERED]"}}}
  [1m[36mUser Load (0.2ms)[0m  [1m[34mSELECT "users".* FROM "users" WHERE "users"."email" = 'admin@gmail.com' ORDER BY "users"."id" ASC LIMIT 1 /*action='login',application='NepalTruf',controller='authenticate'*/[0m
  ↳ app/controllers/authenticate_controller.rb:5:in `login'
Completed 401 Unauthorized in 2789ms (Views: 0.4ms | ActiveRecord: 0.2ms (1 query, 0 cached) | GC: 15.2ms)


Started POST "/login" for ::1 at 2025-08-11 14:08:42 +0545
Processing by AuthenticateController#login as */*
  Parameters: {"user"=>{"email"=>"[FILTERED]", "password"=>"[FILTERED]"}, "authenticate"=>{"user"=>{"email"=>"[FILTERED]", "password"=>"[FILTERED]"}}}
  [1m[36mUser Load (0.1ms)[0m  [1m[34mSELECT "users".* FROM "users" WHERE "users"."email" = 'admin@gmail.com' ORDER BY "users"."id" ASC LIMIT 1 /*action='login',application='NepalTruf',controller='authenticate'*/[0m
  ↳ app/controllers/authenticate_controller.rb:5:in `login'
Completed 401 Unauthorized in 90551ms (Views: 1.7ms | ActiveRecord: 0.1ms (1 query, 0 cached) | GC: 22.5ms)


Started POST "/login" for ::1 at 2025-08-11 14:10:15 +0545
Processing by AuthenticateController#login as */*
  Parameters: {"user"=>{"email"=>"[FILTERED]", "password"=>"[FILTERED]"}, "authenticate"=>{"user"=>{"email"=>"[FILTERED]", "password"=>"[FILTERED]"}}}
  [1m[36mUser Load (0.2ms)[0m  [1m[34mSELECT "users".* FROM "users" WHERE "users"."email" = 'admin@gmail.com' ORDER BY "users"."id" ASC LIMIT 1 /*action='login',application='NepalTruf',controller='authenticate'*/[0m
  ↳ app/controllers/authenticate_controller.rb:5:in `login'
Completed 500 Internal Server Error in 3140ms (ActiveRecord: 1.2ms (1 query, 0 cached) | GC: 50.2ms)


  
NoMethodError (undefined method `validate_password?' for an instance of User):
  
app/controllers/authenticate_controller.rb:7:in `login'
Started POST "/login" for ::1 at 2025-08-11 14:11:04 +0545
Processing by AuthenticateController#login as */*
  Parameters: {"user"=>{"email"=>"[FILTERED]", "password"=>"[FILTERED]"}, "authenticate"=>{"user"=>{"email"=>"[FILTERED]", "password"=>"[FILTERED]"}}}
  [1m[36mUser Load (0.2ms)[0m  [1m[34mSELECT "users".* FROM "users" WHERE "users"."email" = 'admin@gmail.com' ORDER BY "users"."id" ASC LIMIT 1 /*action='login',application='NepalTruf',controller='authenticate'*/[0m
  ↳ app/controllers/authenticate_controller.rb:5:in `login'
Completed 401 Unauthorized in 7152ms (Views: 0.1ms | ActiveRecord: 0.9ms (1 query, 0 cached) | GC: 7.9ms)


  [1m[36mActiveRecord::InternalMetadata Load (0.1ms)[0m  [1m[34mSELECT * FROM "ar_internal_metadata" WHERE "ar_internal_metadata"."key" = 'environment' ORDER BY "ar_internal_metadata"."key" ASC LIMIT 1 /*application='NepalTruf'*/[0m
  [1m[36mActiveRecord::SchemaMigration Load (0.0ms)[0m  [1m[34mSELECT "schema_migrations"."version" FROM "schema_migrations" ORDER BY "schema_migrations"."version" ASC /*application='NepalTruf'*/[0m
Migrating to RemovePassowrdDigestFromUsers (20250811082845)
  [1m[36mTRANSACTION (0.0ms)[0m  [1m[35mBEGIN immediate TRANSACTION /*application='NepalTruf'*/[0m
  [1m[35mSQL (0.0ms)[0m  [1m[35mPRAGMA foreign_keys /*application='NepalTruf'*/[0m
  [1m[35mSQL (0.0ms)[0m  [1m[35mPRAGMA defer_foreign_keys /*application='NepalTruf'*/[0m
  [1m[35m (0.0ms)[0m  [1m[35mPRAGMA defer_foreign_keys = ON /*application='NepalTruf'*/[0m
  [1m[35m (0.0ms)[0m  [1m[35mPRAGMA foreign_keys = OFF /*application='NepalTruf'*/[0m
  [1m[35m (0.1ms)[0m  [1m[35mCREATE TEMPORARY TABLE "ausers" ("id" integer PRIMARY KEY AUTOINCREMENT NOT NULL, "name" varchar, "email" varchar, "phone_number" varchar, "role" varchar, "status" boolean, "created_at" datetime(6) NOT NULL, "updated_at" datetime(6) NOT NULL, "encrypted_password" varchar DEFAULT '' NOT NULL, "reset_password_token" varchar, "reset_password_sent_at" datetime(6), "remember_created_at" datetime(6)) /*application='NepalTruf'*/[0m
  [1m[35m (0.0ms)[0m  [1m[35mCREATE UNIQUE INDEX "tindex_ausers_on_reset_password_token" ON "ausers" ("reset_password_token") /*application='NepalTruf'*/[0m
  [1m[35mSQL (0.2ms)[0m  [1m[32mINSERT INTO "ausers" ("id","name","email","phone_number","role","status","created_at","updated_at","encrypted_password","reset_password_token","reset_password_sent_at","remember_created_at")
                     SELECT "id","name","email","phone_number","role","status","created_at","updated_at","encrypted_password","reset_password_token","reset_password_sent_at","remember_created_at" FROM "users" /*application='NepalTruf'*/[0m
  [1m[35m (0.1ms)[0m  [1m[35mDROP TABLE "users" /*application='NepalTruf'*/[0m
  [1m[35m (0.0ms)[0m  [1m[35mCREATE TABLE "users" ("id" integer PRIMARY KEY AUTOINCREMENT NOT NULL, "name" varchar, "email" varchar, "phone_number" varchar, "role" varchar, "status" boolean, "created_at" datetime(6) NOT NULL, "updated_at" datetime(6) NOT NULL, "encrypted_password" varchar DEFAULT '' NOT NULL, "reset_password_token" varchar, "reset_password_sent_at" datetime(6), "remember_created_at" datetime(6)) /*application='NepalTruf'*/[0m
  [1m[35m (0.0ms)[0m  [1m[35mCREATE UNIQUE INDEX "index_users_on_reset_password_token" ON "users" ("reset_password_token") /*application='NepalTruf'*/[0m
  [1m[35mSQL (0.0ms)[0m  [1m[32mINSERT INTO "users" ("id","name","email","phone_number","role","status","created_at","updated_at","encrypted_password","reset_password_token","reset_password_sent_at","remember_created_at")
                     SELECT "id","name","email","phone_number","role","status","created_at","updated_at","encrypted_password","reset_password_token","reset_password_sent_at","remember_created_at" FROM "ausers" /*application='NepalTruf'*/[0m
  [1m[35m (0.1ms)[0m  [1m[35mDROP TABLE "ausers" /*application='NepalTruf'*/[0m
  [1m[35m (0.0ms)[0m  [1m[35mPRAGMA defer_foreign_keys = 0 /*application='NepalTruf'*/[0m
  [1m[35m (0.0ms)[0m  [1m[35mPRAGMA foreign_keys = 1 /*application='NepalTruf'*/[0m
  [1m[36mActiveRecord::SchemaMigration Create (0.0ms)[0m  [1m[32mINSERT INTO "schema_migrations" ("version") VALUES ('20250811082845') RETURNING "version" /*application='NepalTruf'*/[0m
  [1m[36mTRANSACTION (0.1ms)[0m  [1m[35mCOMMIT TRANSACTION /*application='NepalTruf'*/[0m
  [1m[36mActiveRecord::SchemaMigration Load (0.0ms)[0m  [1m[34mSELECT "schema_migrations"."version" FROM "schema_migrations" ORDER BY "schema_migrations"."version" ASC /*application='NepalTruf'*/[0m
Started POST "/login" for ::1 at 2025-08-11 14:14:24 +0545
  [1m[36mActiveRecord::SchemaMigration Load (0.1ms)[0m  [1m[34mSELECT "schema_migrations"."version" FROM "schema_migrations" ORDER BY "schema_migrations"."version" ASC /*application='NepalTruf'*/[0m
Processing by AuthenticateController#login as */*
  Parameters: {"user"=>{"email"=>"[FILTERED]", "password"=>"[FILTERED]"}, "authenticate"=>{"user"=>{"email"=>"[FILTERED]", "password"=>"[FILTERED]"}}}
  [1m[36mUser Load (0.0ms)[0m  [1m[34mSELECT "users".* FROM "users" WHERE "users"."email" = 'admin@gmail.com' ORDER BY "users"."id" ASC LIMIT 1 /*action='login',application='NepalTruf',controller='authenticate'*/[0m
  ↳ app/controllers/authenticate_controller.rb:5:in `login'
Completed 401 Unauthorized in 17ms (Views: 0.1ms | ActiveRecord: 0.7ms (1 query, 0 cached) | GC: 8.2ms)


  [1m[36mUser Load (1.5ms)[0m  [1m[34mSELECT "users".* FROM "users" WHERE "users"."email" = 'admin@gmail.com' LIMIT 1 /*application='NepalTruf'*/[0m
  [1m[36mUser Load (1.0ms)[0m  [1m[34mSELECT "users".* FROM "users" WHERE "users"."email" = 'admin@gmail.com' LIMIT 1 /*application='NepalTruf'*/[0m
  [1m[36mTRANSACTION (0.1ms)[0m  [1m[35mBEGIN immediate TRANSACTION /*application='NepalTruf'*/[0m
  [1m[36mUser Exists? (1.7ms)[0m  [1m[34mSELECT 1 AS one FROM "users" WHERE "users"."email" = 'testuser@example.com' LIMIT 1 /*application='NepalTruf'*/[0m
  [1m[36mUser Create (0.6ms)[0m  [1m[32mINSERT INTO "users" ("name", "email", "phone_number", "role", "status", "created_at", "updated_at", "encrypted_password", "reset_password_token", "reset_password_sent_at", "remember_created_at") VALUES ('Test User', 'testuser@example.com', '1234567890', 'user', 1, '2025-08-11 08:35:15.589104', '2025-08-11 08:35:15.589104', '$2a$12$pX9V354WAHO0X10dUTTZauS0r5iF/geUFobw0B7kfTopBzzsDaccK', NULL, NULL, NULL) RETURNING "id" /*application='NepalTruf'*/[0m
  [1m[36mTRANSACTION (0.0ms)[0m  [1m[35mCOMMIT TRANSACTION /*application='NepalTruf'*/[0m
Started POST "/login" for ::1 at 2025-08-11 14:20:40 +0545
Processing by AuthenticateController#login as */*
  Parameters: {"user"=>{"email"=>"[FILTERED]", "password"=>"[FILTERED]"}, "authenticate"=>{"user"=>{"email"=>"[FILTERED]", "password"=>"[FILTERED]"}}}
  [1m[36mUser Load (0.8ms)[0m  [1m[34mSELECT "users".* FROM "users" WHERE "users"."email" = 'testuser@example.com' ORDER BY "users"."id" ASC LIMIT 1 /*action='login',application='NepalTruf',controller='authenticate'*/[0m
  ↳ app/controllers/authenticate_controller.rb:5:in `login'
Completed 500 Internal Server Error in 198ms (ActiveRecord: 0.8ms (1 query, 0 cached) | GC: 0.3ms)


  
NoMethodError (undefined method `secrets' for an instance of NepalTruf::Application):
  
lib/json_web_token.rb:3:in `encode'
app/controllers/authenticate_controller.rb:24:in `payload'
app/controllers/authenticate_controller.rb:7:in `login'
Started POST "/login" for ::1 at 2025-08-11 14:22:01 +0545
  [1m[36mActiveRecord::SchemaMigration Load (0.2ms)[0m  [1m[34mSELECT "schema_migrations"."version" FROM "schema_migrations" ORDER BY "schema_migrations"."version" ASC /*application='NepalTruf'*/[0m
Processing by AuthenticateController#login as */*
  Parameters: {"user"=>{"email"=>"[FILTERED]", "password"=>"[FILTERED]"}, "authenticate"=>{"user"=>{"email"=>"[FILTERED]", "password"=>"[FILTERED]"}}}
  [1m[36mUser Load (0.2ms)[0m  [1m[34mSELECT "users".* FROM "users" WHERE "users"."email" = 'testuser@example.com' ORDER BY "users"."id" ASC LIMIT 1 /*action='login',application='NepalTruf',controller='authenticate'*/[0m
  ↳ app/controllers/authenticate_controller.rb:5:in `login'
Completed 200 OK in 233ms (Views: 0.1ms | ActiveRecord: 0.8ms (1 query, 0 cached) | GC: 6.6ms)


Started POST "/login" for ::1 at 2025-08-11 14:22:13 +0545
Processing by AuthenticateController#login as */*
  Parameters: {"user"=>{"email"=>"[FILTERED]", "password"=>"[FILTERED]"}, "authenticate"=>{"user"=>{"email"=>"[FILTERED]", "password"=>"[FILTERED]"}}}
  [1m[36mUser Load (0.2ms)[0m  [1m[34mSELECT "users".* FROM "users" WHERE "users"."email" = 'testuser@example.com' ORDER BY "users"."id" ASC LIMIT 1 /*action='login',application='NepalTruf',controller='authenticate'*/[0m
  ↳ app/controllers/authenticate_controller.rb:5:in `login'
Completed 401 Unauthorized in 214ms (Views: 0.2ms | ActiveRecord: 0.2ms (1 query, 0 cached) | GC: 0.0ms)


Started POST "/login" for ::1 at 2025-08-11 14:22:17 +0545
Processing by AuthenticateController#login as */*
  Parameters: {"user"=>{"email"=>"[FILTERED]", "password"=>"[FILTERED]"}, "authenticate"=>{"user"=>{"email"=>"[FILTERED]", "password"=>"[FILTERED]"}}}
  [1m[36mUser Load (0.2ms)[0m  [1m[34mSELECT "users".* FROM "users" WHERE "users"."email" = 'testuser@example.com' ORDER BY "users"."id" ASC LIMIT 1 /*action='login',application='NepalTruf',controller='authenticate'*/[0m
  ↳ app/controllers/authenticate_controller.rb:5:in `login'
Completed 200 OK in 213ms (Views: 0.1ms | ActiveRecord: 0.1ms (1 query, 0 cached) | GC: 0.6ms)


Started POST "/login" for ::1 at 2025-08-11 14:47:01 +0545
Processing by AuthenticateController#login as */*
  Parameters: {"user"=>{"email"=>"[FILTERED]", "password"=>"[FILTERED]"}, "authenticate"=>{"user"=>{"email"=>"[FILTERED]", "password"=>"[FILTERED]"}}}
  [1m[36mUser Load (4.7ms)[0m  [1m[34mSELECT "users".* FROM "users" WHERE "users"."email" = 'testuser@example.com' ORDER BY "users"."id" ASC LIMIT 1 /*action='login',application='NepalTruf',controller='authenticate'*/[0m
  ↳ app/controllers/authenticate_controller.rb:5:in `login'
Completed 200 OK in 217ms (Views: 0.1ms | ActiveRecord: 4.7ms (1 query, 0 cached) | GC: 0.3ms)


Started GET "/login?user[email]=[FILTERED]&user[password]=[FILTERED]" for ::1 at 2025-08-11 14:51:15 +0545
  
ActionController::RoutingError (No route matches [GET] "/login"):
  
Started GET "/login?user[email]=[FILTERED]&user[password]=[FILTERED]" for ::1 at 2025-08-11 14:51:29 +0545
  
ActionController::RoutingError (No route matches [GET] "/login"):
  
Started POST "/login" for ::1 at 2025-08-11 14:52:10 +0545
Processing by AuthenticateController#login as */*
  Parameters: {"user"=>{"email"=>"[FILTERED]", "password"=>"[FILTERED]"}, "authenticate"=>{"user"=>{"email"=>"[FILTERED]", "password"=>"[FILTERED]"}}}
  [1m[36mUser Load (0.2ms)[0m  [1m[34mSELECT "users".* FROM "users" WHERE "users"."email" = 'testuser@example.com' ORDER BY "users"."id" ASC LIMIT 1 /*action='login',application='NepalTruf',controller='authenticate'*/[0m
  ↳ app/controllers/authenticate_controller.rb:5:in `login'
Completed 200 OK in 208ms (Views: 0.1ms | ActiveRecord: 1.8ms (1 query, 0 cached) | GC: 0.0ms)


Started POST "/login" for ::1 at 2025-08-11 14:52:35 +0545
Processing by AuthenticateController#login as HTML
  Parameters: {"params"=>{"user"=>{"email"=>"[FILTERED]", "password"=>"[FILTERED]"}}, "authenticate"=>{"params"=>{"user"=>{"email"=>"[FILTERED]", "password"=>"[FILTERED]"}}}}
Completed 400 Bad Request in 4ms (ActiveRecord: 0.0ms (0 queries, 0 cached) | GC: 0.0ms)


  
ActionController::ParameterMissing (param is missing or the value is empty or invalid: user):
  
app/controllers/authenticate_controller.rb:18:in `auth_params'
app/controllers/authenticate_controller.rb:5:in `login'
Started POST "/login" for ::1 at 2025-08-11 14:54:39 +0545
Processing by AuthenticateController#login as HTML
  Parameters: {"params"=>{"user"=>{"email"=>"[FILTERED]", "password"=>"[FILTERED]"}}, "authenticate"=>{"params"=>{"user"=>{"email"=>"[FILTERED]", "password"=>"[FILTERED]"}}}}
Completed 400 Bad Request in 0ms (ActiveRecord: 0.0ms (0 queries, 0 cached) | GC: 0.0ms)


  
ActionController::ParameterMissing (param is missing or the value is empty or invalid: user):
  
app/controllers/authenticate_controller.rb:18:in `auth_params'
app/controllers/authenticate_controller.rb:5:in `login'
Started POST "/login" for ::1 at 2025-08-11 14:56:52 +0545
Processing by AuthenticateController#login as HTML
  Parameters: {"params"=>{"user"=>{"email"=>"[FILTERED]", "password"=>"[FILTERED]"}}, "authenticate"=>{"params"=>{"user"=>{"email"=>"[FILTERED]", "password"=>"[FILTERED]"}}}}
Completed 400 Bad Request in 2ms (ActiveRecord: 0.0ms (0 queries, 0 cached) | GC: 0.0ms)


  
ActionController::ParameterMissing (param is missing or the value is empty or invalid: user):
  
app/controllers/authenticate_controller.rb:18:in `auth_params'
app/controllers/authenticate_controller.rb:5:in `login'
Started POST "/login" for ::1 at 2025-08-11 14:57:20 +0545
Processing by AuthenticateController#login as */*
  Parameters: {"user"=>{"email"=>"[FILTERED]", "password"=>"[FILTERED]"}, "authenticate"=>{"user"=>{"email"=>"[FILTERED]", "password"=>"[FILTERED]"}}}
Completed 400 Bad Request in 0ms (ActiveRecord: 0.0ms (0 queries, 0 cached) | GC: 0.0ms)


  
ActionController::ParameterMissing (param is missing or the value is empty or invalid: user):
  
app/controllers/authenticate_controller.rb:18:in `auth_params'
app/controllers/authenticate_controller.rb:5:in `login'
Started POST "/login" for ::1 at 2025-08-11 14:59:12 +0545
Processing by AuthenticateController#login as HTML
  Parameters: {"user"=>{"email"=>"[FILTERED]", "password"=>"[FILTERED]"}, "authenticate"=>{"user"=>{"email"=>"[FILTERED]", "password"=>"[FILTERED]"}}}
  [1m[36mUser Load (0.3ms)[0m  [1m[34mSELECT "users".* FROM "users" WHERE "users"."email" = 'testuser@example.com' ORDER BY "users"."id" ASC LIMIT 1 /*action='login',application='NepalTruf',controller='authenticate'*/[0m
  ↳ app/controllers/authenticate_controller.rb:5:in `login'
Completed 200 OK in 194ms (Views: 0.1ms | ActiveRecord: 1.3ms (1 query, 0 cached) | GC: 0.0ms)


Started GET "/sports_fields" for ::1 at 2025-08-11 14:59:12 +0545
Processing by SportsFieldsController#index as HTML
  [1m[36mSportsField Load (0.2ms)[0m  [1m[34mSELECT "sports_fields".* FROM "sports_fields" /*action='index',application='NepalTruf',controller='sports_fields'*/[0m
  ↳ app/controllers/sports_fields_controller.rb:8:in `index'
Completed 200 OK in 9ms (Views: 5.8ms | ActiveRecord: 0.4ms (1 query, 0 cached) | GC: 0.4ms)


Started GET "/sports_fields" for ::1 at 2025-08-11 14:59:12 +0545
Processing by SportsFieldsController#index as HTML
  [1m[36mSportsField Load (0.1ms)[0m  [1m[34mSELECT "sports_fields".* FROM "sports_fields" /*action='index',application='NepalTruf',controller='sports_fields'*/[0m
  ↳ app/controllers/sports_fields_controller.rb:8:in `index'
Completed 200 OK in 1ms (Views: 0.7ms | ActiveRecord: 0.1ms (1 query, 0 cached) | GC: 0.0ms)


Started GET "/sports_fields" for ::1 at 2025-08-11 14:59:32 +0545
Processing by SportsFieldsController#index as HTML
  [1m[36mSportsField Load (0.3ms)[0m  [1m[34mSELECT "sports_fields".* FROM "sports_fields" /*action='index',application='NepalTruf',controller='sports_fields'*/[0m
  ↳ app/controllers/sports_fields_controller.rb:8:in `index'
Completed 200 OK in 4ms (Views: 3.1ms | ActiveRecord: 0.3ms (1 query, 0 cached) | GC: 0.0ms)


Started GET "/sports_fields" for ::1 at 2025-08-11 14:59:32 +0545
Processing by SportsFieldsController#index as HTML
  [1m[36mSportsField Load (0.1ms)[0m  [1m[34mSELECT "sports_fields".* FROM "sports_fields" /*action='index',application='NepalTruf',controller='sports_fields'*/[0m
  ↳ app/controllers/sports_fields_controller.rb:8:in `index'
Completed 200 OK in 1ms (Views: 1.1ms | ActiveRecord: 0.1ms (1 query, 0 cached) | GC: 0.0ms)


Started GET "/sports_fields" for ::1 at 2025-08-11 14:59:34 +0545
Processing by SportsFieldsController#index as HTML
  [1m[36mSportsField Load (0.3ms)[0m  [1m[34mSELECT "sports_fields".* FROM "sports_fields" /*action='index',application='NepalTruf',controller='sports_fields'*/[0m
  ↳ app/controllers/sports_fields_controller.rb:8:in `index'
Completed 200 OK in 3ms (Views: 2.6ms | ActiveRecord: 0.3ms (1 query, 0 cached) | GC: 0.0ms)


Started GET "/sports_fields" for ::1 at 2025-08-11 14:59:34 +0545
Processing by SportsFieldsController#index as HTML
  [1m[36mSportsField Load (0.1ms)[0m  [1m[34mSELECT "sports_fields".* FROM "sports_fields" /*action='index',application='NepalTruf',controller='sports_fields'*/[0m
  ↳ app/controllers/sports_fields_controller.rb:8:in `index'
Completed 200 OK in 2ms (Views: 1.1ms | ActiveRecord: 0.1ms (1 query, 0 cached) | GC: 0.0ms)


